[2026-06-05 20:03:21Z INFO HostContext] No proxy settings were found based on environmental variables (http_proxy/https_proxy/HTTP_PROXY/HTTPS_PROXY)
[2026-06-05 20:03:21Z INFO HostContext] Well known directory 'Bin': 'C:\Projects\Exec3\actions-runner\bin'
[2026-06-05 20:03:21Z INFO HostContext] Well known directory 'Root': 'C:\Projects\Exec3\actions-runner'
[2026-06-05 20:03:21Z INFO HostContext] Well known config file 'Credentials': 'C:\Projects\Exec3\actions-runner\.credentials'
[2026-06-05 20:03:21Z INFO HostContext] Well known directory 'Bin': 'C:\Projects\Exec3\actions-runner\bin'
[2026-06-05 20:03:21Z INFO HostContext] Well known directory 'Root': 'C:\Projects\Exec3\actions-runner'
[2026-06-05 20:03:21Z INFO HostContext] Well known config file 'Runner': 'C:\Projects\Exec3\actions-runner\.runner'
[2026-06-05 20:03:21Z INFO Listener] Runner is built for Windows (X64) - win-x64.
[2026-06-05 20:03:21Z INFO Listener] RuntimeInformation: Microsoft Windows 10.0.26200.
[2026-06-05 20:03:21Z INFO Listener] Version: 2.334.0
[2026-06-05 20:03:21Z INFO Listener] Commit: f1995ede5d885c997d13d8eca5467c4ce97fe69c
[2026-06-05 20:03:21Z INFO Listener] Culture: pt-BR
[2026-06-05 20:03:21Z INFO Listener] UI Culture: pt-BR
[2026-06-05 20:03:21Z INFO HostContext] Well known directory 'Bin': 'C:\Projects\Exec3\actions-runner\bin'
[2026-06-05 20:03:21Z INFO HostContext] Well known directory 'Root': 'C:\Projects\Exec3\actions-runner'
[2026-06-05 20:03:21Z INFO Listener] Validating directory permissions for: 'C:\Projects\Exec3\actions-runner'
[2026-06-05 20:03:21Z INFO CommandLineParser] Parse
[2026-06-05 20:03:21Z INFO CommandLineParser] Parsing 1 args
[2026-06-05 20:03:21Z INFO CommandLineParser] parsing argument
[2026-06-05 20:03:21Z INFO CommandLineParser] HasArgs: False
[2026-06-05 20:03:21Z INFO CommandLineParser] Adding Command: run
[2026-06-05 20:03:21Z INFO Listener] Arguments parsed
[2026-06-05 20:03:21Z INFO Runner] ExecuteCommand
[2026-06-05 20:03:21Z INFO ConfigurationStore] currentAssemblyLocation: C:\Projects\Exec3\actions-runner\bin\Runner.Listener.dll
[2026-06-05 20:03:21Z INFO HostContext] Well known directory 'Bin': 'C:\Projects\Exec3\actions-runner\bin'
[2026-06-05 20:03:21Z INFO ConfigurationStore] binPath: C:\Projects\Exec3\actions-runner\bin
[2026-06-05 20:03:21Z INFO HostContext] Well known directory 'Bin': 'C:\Projects\Exec3\actions-runner\bin'
[2026-06-05 20:03:21Z INFO HostContext] Well known directory 'Root': 'C:\Projects\Exec3\actions-runner'
[2026-06-05 20:03:21Z INFO ConfigurationStore] RootFolder: C:\Projects\Exec3\actions-runner
[2026-06-05 20:03:21Z INFO HostContext] Well known directory 'Bin': 'C:\Projects\Exec3\actions-runner\bin'
[2026-06-05 20:03:21Z INFO HostContext] Well known directory 'Root': 'C:\Projects\Exec3\actions-runner'
[2026-06-05 20:03:21Z INFO HostContext] Well known config file 'Runner': 'C:\Projects\Exec3\actions-runner\.runner'
[2026-06-05 20:03:21Z INFO ConfigurationStore] ConfigFilePath: C:\Projects\Exec3\actions-runner\.runner
[2026-06-05 20:03:21Z INFO HostContext] Well known directory 'Bin': 'C:\Projects\Exec3\actions-runner\bin'
[2026-06-05 20:03:21Z INFO HostContext] Well known directory 'Root': 'C:\Projects\Exec3\actions-runner'
[2026-06-05 20:03:21Z INFO HostContext] Well known config file 'MigratedRunner': 'C:\Projects\Exec3\actions-runner\.runner_migrated'
[2026-06-05 20:03:21Z INFO ConfigurationStore] MigratedConfigFilePath: C:\Projects\Exec3\actions-runner\.runner_migrated
[2026-06-05 20:03:21Z INFO HostContext] Well known directory 'Bin': 'C:\Projects\Exec3\actions-runner\bin'
[2026-06-05 20:03:21Z INFO HostContext] Well known directory 'Root': 'C:\Projects\Exec3\actions-runner'
[2026-06-05 20:03:21Z INFO HostContext] Well known config file 'Credentials': 'C:\Projects\Exec3\actions-runner\.credentials'
[2026-06-05 20:03:21Z INFO ConfigurationStore] CredFilePath: C:\Projects\Exec3\actions-runner\.credentials
[2026-06-05 20:03:21Z INFO HostContext] Well known directory 'Bin': 'C:\Projects\Exec3\actions-runner\bin'
[2026-06-05 20:03:21Z INFO HostContext] Well known directory 'Root': 'C:\Projects\Exec3\actions-runner'
[2026-06-05 20:03:21Z INFO HostContext] Well known config file 'MigratedCredentials': 'C:\Projects\Exec3\actions-runner\.credentials_migrated'
[2026-06-05 20:03:21Z INFO ConfigurationStore] MigratedCredFilePath: C:\Projects\Exec3\actions-runner\.credentials_migrated
[2026-06-05 20:03:21Z INFO HostContext] Well known directory 'Bin': 'C:\Projects\Exec3\actions-runner\bin'
[2026-06-05 20:03:21Z INFO HostContext] Well known directory 'Root': 'C:\Projects\Exec3\actions-runner'
[2026-06-05 20:03:21Z INFO HostContext] Well known config file 'Service': 'C:\Projects\Exec3\actions-runner\.service'
[2026-06-05 20:03:21Z INFO ConfigurationStore] ServiceConfigFilePath: C:\Projects\Exec3\actions-runner\.service
[2026-06-05 20:03:21Z INFO CommandSettings] Flag 'help': 'False'
[2026-06-05 20:03:21Z INFO CommandSettings] Flag 'version': 'False'
[2026-06-05 20:03:21Z INFO CommandSettings] Flag 'commit': 'False'
[2026-06-05 20:03:21Z INFO CommandSettings] Flag 'check': 'False'
[2026-06-05 20:03:21Z INFO CommandSettings] Command 'configure': 'False'
[2026-06-05 20:03:21Z INFO CommandSettings] Command 'remove': 'False'
[2026-06-05 20:03:21Z INFO CommandSettings] Command 'warmup': 'False'
[2026-06-05 20:03:21Z INFO ConfigurationManager] LoadSettings
[2026-06-05 20:03:21Z INFO ConfigurationStore] IsConfigured()
[2026-06-05 20:03:21Z INFO ConfigurationStore] IsConfigured: True
[2026-06-05 20:03:21Z INFO ConfigurationManager] Is configured: True
[2026-06-05 20:03:21Z INFO ConfigurationStore] Read setting file: 396 chars
[2026-06-05 20:03:21Z INFO ConfigurationManager] Settings Loaded
[2026-06-05 20:03:21Z INFO ConfigurationStore] IsServiceConfigured()
[2026-06-05 20:03:21Z INFO ConfigurationStore] IsServiceConfigured: False
[2026-06-05 20:03:21Z INFO CommandSettings] Command 'run': 'True'
[2026-06-05 20:03:21Z INFO ConfigurationStore] IsConfigured()
[2026-06-05 20:03:21Z INFO ConfigurationStore] IsConfigured: True
[2026-06-05 20:03:21Z INFO ConfigurationManager] Is configured: True
[2026-06-05 20:03:21Z INFO Runner] Could not parse the argument value '' for StartupType. Defaulting to Manual
[2026-06-05 20:03:21Z INFO Runner] Set runner startup type - Manual
[2026-06-05 20:03:21Z INFO CommandSettings] Flag 'once': 'False'
[2026-06-05 20:03:21Z INFO CommandSettings] Flag 'once': 'False'
[2026-06-05 20:03:21Z INFO Runner] RunAsync
[2026-06-05 20:03:21Z INFO HostContext] Well known directory 'Bin': 'C:\Projects\Exec3\actions-runner\bin'
[2026-06-05 20:03:21Z INFO HostContext] Well known directory 'Root': 'C:\Projects\Exec3\actions-runner'
[2026-06-05 20:03:21Z INFO HostContext] Well known directory 'Work': 'C:\Projects\Exec3\actions-runner\_work'
[2026-06-05 20:03:21Z INFO Runner] Validating directory permissions for: 'C:\Projects\Exec3\actions-runner\_work'
[2026-06-05 20:03:21Z INFO ConfigurationManager] LoadMigratedSettings
[2026-06-05 20:03:21Z INFO ConfigurationStore] IsMigratedConfigured()
[2026-06-05 20:03:21Z INFO ConfigurationStore] IsMigratedConfigured: False
[2026-06-05 20:03:21Z INFO Runner] Failed to load migrated settings: No migrated configuration found.
[2026-06-05 20:03:21Z INFO Runner] Falling back to original .runner settings
[2026-06-05 20:03:21Z INFO Runner] Using BrokerMessageListener
[2026-06-05 20:03:21Z INFO BrokerMessageListener] Using provided settings
[2026-06-05 20:03:21Z INFO BrokerMessageListener] {
  "AgentId": 2,
  "AgentName": "TLEMOS",
  "PoolId": 1,
  "PoolName": "Default",
  "ServerUrl": "https://pipelinesghubeus26.actions.githubusercontent.com/pJbd6ctB8TsubpRHbGbevPz8VXXZeenNbGUrNTsTTHP7pRt0I1/",
  "GitHubUrl": "https://github.com/thaisal-spec/CI_Exercicio3",
  "WorkFolder": "_work",
  "UseV2Flow": true,
  "ServerUrlV2": "https://broker.actions.githubusercontent.com/"
}
[2026-06-05 20:03:21Z INFO BrokerMessageListener] Loading Credentials
[2026-06-05 20:03:21Z INFO ConfigurationStore] HasCredentials()
[2026-06-05 20:03:21Z INFO ConfigurationStore] stored True
[2026-06-05 20:03:21Z INFO CredentialManager] GetCredentialProvider
[2026-06-05 20:03:21Z INFO CredentialManager] Creating type OAuth
[2026-06-05 20:03:21Z INFO CredentialManager] Creating credential type: OAuth
[2026-06-05 20:03:21Z INFO HostContext] Well known directory 'Bin': 'C:\Projects\Exec3\actions-runner\bin'
[2026-06-05 20:03:21Z INFO HostContext] Well known directory 'Root': 'C:\Projects\Exec3\actions-runner'
[2026-06-05 20:03:21Z INFO HostContext] Well known config file 'RSACredentials': 'C:\Projects\Exec3\actions-runner\.credentials_rsaparams'
[2026-06-05 20:03:21Z INFO RSAEncryptedFileKeyManager] Loading RSA key parameters from file C:\Projects\Exec3\actions-runner\.credentials_rsaparams
[2026-06-05 20:03:21Z INFO BrokerMessageListener] Attempt to create session.
[2026-06-05 20:03:21Z INFO BrokerMessageListener] Connecting to the Broker Server...
[2026-06-05 20:03:21Z INFO ConfigurationStore] HasCredentials()
[2026-06-05 20:03:21Z INFO ConfigurationStore] stored True
[2026-06-05 20:03:21Z INFO CredentialManager] GetCredentialProvider
[2026-06-05 20:03:21Z INFO CredentialManager] Creating type OAuth
[2026-06-05 20:03:21Z INFO CredentialManager] Creating credential type: OAuth
[2026-06-05 20:03:21Z INFO RSAEncryptedFileKeyManager] Loading RSA key parameters from file C:\Projects\Exec3\actions-runner\.credentials_rsaparams
[2026-06-05 20:03:21Z INFO BrokerMessageListener] VssConnection created
[2026-06-05 20:03:21Z INFO BrokerMessageListener] Connecting to the Runner server...
[2026-06-05 20:03:21Z INFO RunnerServer] EstablishVssConnection
[2026-06-05 20:03:21Z INFO RunnerServer] Establish connection with 100 seconds timeout.
[2026-06-05 20:03:21Z INFO GitHubActionsService] Starting operation Location.GetConnectionData
[2026-06-05 20:03:21Z INFO RunnerServer] EstablishVssConnection
[2026-06-05 20:03:21Z INFO RunnerServer] Establish connection with 60 seconds timeout.
[2026-06-05 20:03:21Z INFO GitHubActionsService] Starting operation Location.GetConnectionData
[2026-06-05 20:03:21Z INFO RunnerServer] EstablishVssConnection
[2026-06-05 20:03:21Z INFO RunnerServer] Establish connection with 60 seconds timeout.
[2026-06-05 20:03:21Z INFO GitHubActionsService] Starting operation Location.GetConnectionData
[2026-06-05 20:03:22Z INFO GitHubActionsService] Finished operation Location.GetConnectionData
[2026-06-05 20:03:22Z INFO GitHubActionsService] Finished operation Location.GetConnectionData
[2026-06-05 20:03:22Z INFO GitHubActionsService] Finished operation Location.GetConnectionData
[2026-06-05 20:03:22Z INFO BrokerMessageListener] VssConnection created
[2026-06-05 20:03:22Z INFO Terminal] WRITE LINE: 
[2026-06-05 20:03:22Z INFO Terminal] WRITE LINE: 
[2026-06-05 20:03:22Z INFO RSAEncryptedFileKeyManager] Loading RSA key parameters from file C:\Projects\Exec3\actions-runner\.credentials_rsaparams
[2026-06-05 20:03:22Z INFO RSAEncryptedFileKeyManager] Loading RSA key parameters from file C:\Projects\Exec3\actions-runner\.credentials_rsaparams
[2026-06-05 20:03:23Z INFO GitHubActionsService] AAD Correlation ID for this token request: Unknown
[2026-06-05 20:03:23Z INFO BrokerMessageListener] Session created.
[2026-06-05 20:03:23Z INFO Terminal] WRITE LINE: Current runner version: '2.334.0'
[2026-06-05 20:03:23Z INFO Terminal] WRITE LINE: 2026-06-05 20:03:23Z: Listening for Jobs
[2026-06-05 20:03:23Z INFO JobDispatcher] Set runner/worker IPC timeout to 30 seconds.
[2026-06-05 20:40:21Z WARN GitHubActionsService] GET request to https://broker.actions.githubusercontent.com/message?sessionId=13aed4d4-679c-421a-afd7-094489fc7bbd&status=Online&runnerVersion=2.334.0&os=Windows&architecture=X64&disableUpdate=false timed out after 100 seconds.
[2026-06-05 20:40:21Z ERR  BrokerServer] Catch exception during request
[2026-06-05 20:40:21Z ERR  BrokerServer] System.TimeoutException: The HTTP request timed out after 00:01:40.
 ---> System.Threading.Tasks.TaskCanceledException: The operation was canceled.
 ---> System.IO.IOException: Unable to read data from the transport connection: A operação de E/S foi anulada devido a uma saída de thread ou a uma requisição de aplicativo..
 ---> System.Net.Sockets.SocketException (995): A operação de E/S foi anulada devido a uma saída de thread ou a uma requisição de aplicativo.
   --- End of inner exception stack trace ---
   at System.Net.Sockets.Socket.AwaitableSocketAsyncEventArgs.ThrowException(SocketError error, CancellationToken cancellationToken)
   at System.Net.Sockets.Socket.AwaitableSocketAsyncEventArgs.System.Threading.Tasks.Sources.IValueTaskSource<System.Int32>.GetResult(Int16 token)
   at System.Net.Security.SslStream.EnsureFullTlsFrameAsync[TIOAdapter](CancellationToken cancellationToken, Int32 estimatedSize)
   at System.Runtime.CompilerServices.PoolingAsyncValueTaskMethodBuilder`1.StateMachineBox`1.System.Threading.Tasks.Sources.IValueTaskSource<TResult>.GetResult(Int16 token)
   at System.Net.Security.SslStream.ReadAsyncInternal[TIOAdapter](Memory`1 buffer, CancellationToken cancellationToken)
   at System.Runtime.CompilerServices.PoolingAsyncValueTaskMethodBuilder`1.StateMachineBox`1.System.Threading.Tasks.Sources.IValueTaskSource<TResult>.GetResult(Int16 token)
   at System.Net.Http.HttpConnection.SendAsync(HttpRequestMessage request, Boolean async, CancellationToken cancellationToken)
   --- End of inner exception stack trace ---
   at System.Net.Http.HttpConnection.SendAsync(HttpRequestMessage request, Boolean async, CancellationToken cancellationToken)
   at System.Net.Http.AuthenticationHelper.SendWithNtAuthAsync(HttpRequestMessage request, Uri authUri, Boolean async, ICredentials credentials, Boolean isProxyAuth, HttpConnection connection, HttpConnectionPool connectionPool, CancellationToken cancellationToken)
   at System.Net.Http.HttpConnectionPool.SendWithVersionDetectionAndRetryAsync(HttpRequestMessage request, Boolean async, Boolean doRequestAuth, CancellationToken cancellationToken)
   at System.Net.Http.AuthenticationHelper.SendWithAuthAsync(HttpRequestMessage request, Uri authUri, Boolean async, ICredentials credentials, Boolean preAuthenticate, Boolean isProxyAuth, Boolean doRequestAuth, HttpConnectionPool pool, CancellationToken cancellationToken)
   at System.Net.Http.RedirectHandler.SendAsync(HttpRequestMessage request, Boolean async, CancellationToken cancellationToken)
   at GitHub.Services.Common.RawHttpMessageHandler.SendAsync(HttpRequestMessage request, CancellationToken cancellationToken)
   --- End of inner exception stack trace ---
   at GitHub.Services.Common.RawHttpMessageHandler.SendAsync(HttpRequestMessage request, CancellationToken cancellationToken)
   at GitHub.Services.Common.VssHttpRetryMessageHandler.SendAsync(HttpRequestMessage request, CancellationToken cancellationToken)
   at System.Net.Http.HttpClient.<SendAsync>g__Core|83_0(HttpRequestMessage request, HttpCompletionOption completionOption, CancellationTokenSource cts, Boolean disposeCts, CancellationTokenSource pendingRequestsCts, CancellationToken originalCancellationToken)
   at Sdk.WebApi.WebApi.RawHttpClientBase.SendAsync(HttpRequestMessage message, HttpCompletionOption completionOption, Object userState, CancellationToken cancellationToken)
   at Sdk.WebApi.WebApi.RawHttpClientBase.SendAsync[T](HttpRequestMessage message, Boolean readErrorBody, Object userState, CancellationToken cancellationToken)
   at Sdk.WebApi.WebApi.RawHttpClientBase.SendAsync[T](HttpMethod method, IEnumerable`1 additionalHeaders, Uri requestUri, HttpContent content, IEnumerable`1 queryParameters, Boolean readErrorBody, Object userState, CancellationToken cancellationToken)
   at GitHub.Actions.RunService.WebApi.BrokerHttpClient.GetRunnerMessageAsync(Nullable`1 sessionId, String runnerVersion, Nullable`1 status, String os, String architecture, Nullable`1 disableUpdate, CancellationToken cancellationToken)
   at GitHub.Runner.Common.BrokerServer.<>c__DisplayClass7_0.<<GetRunnerMessageAsync>b__0>d.MoveNext()
--- End of stack trace from previous location ---
   at GitHub.Runner.Common.RunnerService.RetryRequest[T](Func`1 func, CancellationToken cancellationToken, Int32 maxAttempts, Func`2 shouldRetry)
[2026-06-05 20:40:21Z ERR  BrokerServer] #####################################################
[2026-06-05 20:40:21Z ERR  BrokerServer] System.Threading.Tasks.TaskCanceledException: The operation was canceled.
 ---> System.IO.IOException: Unable to read data from the transport connection: A operação de E/S foi anulada devido a uma saída de thread ou a uma requisição de aplicativo..
 ---> System.Net.Sockets.SocketException (995): A operação de E/S foi anulada devido a uma saída de thread ou a uma requisição de aplicativo.
   --- End of inner exception stack trace ---
   at System.Net.Sockets.Socket.AwaitableSocketAsyncEventArgs.ThrowException(SocketError error, CancellationToken cancellationToken)
   at System.Net.Sockets.Socket.AwaitableSocketAsyncEventArgs.System.Threading.Tasks.Sources.IValueTaskSource<System.Int32>.GetResult(Int16 token)
   at System.Net.Security.SslStream.EnsureFullTlsFrameAsync[TIOAdapter](CancellationToken cancellationToken, Int32 estimatedSize)
   at System.Runtime.CompilerServices.PoolingAsyncValueTaskMethodBuilder`1.StateMachineBox`1.System.Threading.Tasks.Sources.IValueTaskSource<TResult>.GetResult(Int16 token)
   at System.Net.Security.SslStream.ReadAsyncInternal[TIOAdapter](Memory`1 buffer, CancellationToken cancellationToken)
   at System.Runtime.CompilerServices.PoolingAsyncValueTaskMethodBuilder`1.StateMachineBox`1.System.Threading.Tasks.Sources.IValueTaskSource<TResult>.GetResult(Int16 token)
   at System.Net.Http.HttpConnection.SendAsync(HttpRequestMessage request, Boolean async, CancellationToken cancellationToken)
   --- End of inner exception stack trace ---
   at System.Net.Http.HttpConnection.SendAsync(HttpRequestMessage request, Boolean async, CancellationToken cancellationToken)
   at System.Net.Http.AuthenticationHelper.SendWithNtAuthAsync(HttpRequestMessage request, Uri authUri, Boolean async, ICredentials credentials, Boolean isProxyAuth, HttpConnection connection, HttpConnectionPool connectionPool, CancellationToken cancellationToken)
   at System.Net.Http.HttpConnectionPool.SendWithVersionDetectionAndRetryAsync(HttpRequestMessage request, Boolean async, Boolean doRequestAuth, CancellationToken cancellationToken)
   at System.Net.Http.AuthenticationHelper.SendWithAuthAsync(HttpRequestMessage request, Uri authUri, Boolean async, ICredentials credentials, Boolean preAuthenticate, Boolean isProxyAuth, Boolean doRequestAuth, HttpConnectionPool pool, CancellationToken cancellationToken)
   at System.Net.Http.RedirectHandler.SendAsync(HttpRequestMessage request, Boolean async, CancellationToken cancellationToken)
   at GitHub.Services.Common.RawHttpMessageHandler.SendAsync(HttpRequestMessage request, CancellationToken cancellationToken)
[2026-06-05 20:40:21Z ERR  BrokerServer] #####################################################
[2026-06-05 20:40:21Z ERR  BrokerServer] System.IO.IOException: Unable to read data from the transport connection: A operação de E/S foi anulada devido a uma saída de thread ou a uma requisição de aplicativo..
 ---> System.Net.Sockets.SocketException (995): A operação de E/S foi anulada devido a uma saída de thread ou a uma requisição de aplicativo.
   --- End of inner exception stack trace ---
   at System.Net.Sockets.Socket.AwaitableSocketAsyncEventArgs.ThrowException(SocketError error, CancellationToken cancellationToken)
   at System.Net.Sockets.Socket.AwaitableSocketAsyncEventArgs.System.Threading.Tasks.Sources.IValueTaskSource<System.Int32>.GetResult(Int16 token)
   at System.Net.Security.SslStream.EnsureFullTlsFrameAsync[TIOAdapter](CancellationToken cancellationToken, Int32 estimatedSize)
   at System.Runtime.CompilerServices.PoolingAsyncValueTaskMethodBuilder`1.StateMachineBox`1.System.Threading.Tasks.Sources.IValueTaskSource<TResult>.GetResult(Int16 token)
   at System.Net.Security.SslStream.ReadAsyncInternal[TIOAdapter](Memory`1 buffer, CancellationToken cancellationToken)
   at System.Runtime.CompilerServices.PoolingAsyncValueTaskMethodBuilder`1.StateMachineBox`1.System.Threading.Tasks.Sources.IValueTaskSource<TResult>.GetResult(Int16 token)
   at System.Net.Http.HttpConnection.SendAsync(HttpRequestMessage request, Boolean async, CancellationToken cancellationToken)
[2026-06-05 20:40:21Z ERR  BrokerServer] #####################################################
[2026-06-05 20:40:21Z ERR  BrokerServer] System.Net.Sockets.SocketException (995): A operação de E/S foi anulada devido a uma saída de thread ou a uma requisição de aplicativo.
[2026-06-05 20:40:21Z WARN BrokerServer] Back off 7,08 seconds before next retry. 4 attempt left.
[2026-06-05 20:50:30Z WARN GitHubActionsService] GET request to https://broker.actions.githubusercontent.com/message?sessionId=13aed4d4-679c-421a-afd7-094489fc7bbd&status=Online&runnerVersion=2.334.0&os=Windows&architecture=X64&disableUpdate=false timed out after 100 seconds.
[2026-06-05 20:50:30Z ERR  BrokerServer] Catch exception during request
[2026-06-05 20:50:30Z ERR  BrokerServer] System.TimeoutException: The HTTP request timed out after 00:01:40.
 ---> System.Threading.Tasks.TaskCanceledException: The operation was canceled.
 ---> System.IO.IOException: Unable to read data from the transport connection: A operação de E/S foi anulada devido a uma saída de thread ou a uma requisição de aplicativo..
 ---> System.Net.Sockets.SocketException (995): A operação de E/S foi anulada devido a uma saída de thread ou a uma requisição de aplicativo.
   --- End of inner exception stack trace ---
   at System.Net.Sockets.Socket.AwaitableSocketAsyncEventArgs.ThrowException(SocketError error, CancellationToken cancellationToken)
   at System.Net.Sockets.Socket.AwaitableSocketAsyncEventArgs.System.Threading.Tasks.Sources.IValueTaskSource<System.Int32>.GetResult(Int16 token)
   at System.Net.Security.SslStream.EnsureFullTlsFrameAsync[TIOAdapter](CancellationToken cancellationToken, Int32 estimatedSize)
   at System.Runtime.CompilerServices.PoolingAsyncValueTaskMethodBuilder`1.StateMachineBox`1.System.Threading.Tasks.Sources.IValueTaskSource<TResult>.GetResult(Int16 token)
   at System.Net.Security.SslStream.ReadAsyncInternal[TIOAdapter](Memory`1 buffer, CancellationToken cancellationToken)
   at System.Runtime.CompilerServices.PoolingAsyncValueTaskMethodBuilder`1.StateMachineBox`1.System.Threading.Tasks.Sources.IValueTaskSource<TResult>.GetResult(Int16 token)
   at System.Net.Http.HttpConnection.SendAsync(HttpRequestMessage request, Boolean async, CancellationToken cancellationToken)
   --- End of inner exception stack trace ---
   at System.Net.Http.HttpConnection.SendAsync(HttpRequestMessage request, Boolean async, CancellationToken cancellationToken)
   at System.Net.Http.AuthenticationHelper.SendWithNtAuthAsync(HttpRequestMessage request, Uri authUri, Boolean async, ICredentials credentials, Boolean isProxyAuth, HttpConnection connection, HttpConnectionPool connectionPool, CancellationToken cancellationToken)
   at System.Net.Http.HttpConnectionPool.SendWithVersionDetectionAndRetryAsync(HttpRequestMessage request, Boolean async, Boolean doRequestAuth, CancellationToken cancellationToken)
   at System.Net.Http.AuthenticationHelper.SendWithAuthAsync(HttpRequestMessage request, Uri authUri, Boolean async, ICredentials credentials, Boolean preAuthenticate, Boolean isProxyAuth, Boolean doRequestAuth, HttpConnectionPool pool, CancellationToken cancellationToken)
   at System.Net.Http.RedirectHandler.SendAsync(HttpRequestMessage request, Boolean async, CancellationToken cancellationToken)
   at GitHub.Services.Common.RawHttpMessageHandler.SendAsync(HttpRequestMessage request, CancellationToken cancellationToken)
   --- End of inner exception stack trace ---
   at GitHub.Services.Common.RawHttpMessageHandler.SendAsync(HttpRequestMessage request, CancellationToken cancellationToken)
   at GitHub.Services.Common.VssHttpRetryMessageHandler.SendAsync(HttpRequestMessage request, CancellationToken cancellationToken)
   at System.Net.Http.HttpClient.<SendAsync>g__Core|83_0(HttpRequestMessage request, HttpCompletionOption completionOption, CancellationTokenSource cts, Boolean disposeCts, CancellationTokenSource pendingRequestsCts, CancellationToken originalCancellationToken)
   at Sdk.WebApi.WebApi.RawHttpClientBase.SendAsync(HttpRequestMessage message, HttpCompletionOption completionOption, Object userState, CancellationToken cancellationToken)
   at Sdk.WebApi.WebApi.RawHttpClientBase.SendAsync[T](HttpRequestMessage message, Boolean readErrorBody, Object userState, CancellationToken cancellationToken)
   at Sdk.WebApi.WebApi.RawHttpClientBase.SendAsync[T](HttpMethod method, IEnumerable`1 additionalHeaders, Uri requestUri, HttpContent content, IEnumerable`1 queryParameters, Boolean readErrorBody, Object userState, CancellationToken cancellationToken)
   at GitHub.Actions.RunService.WebApi.BrokerHttpClient.GetRunnerMessageAsync(Nullable`1 sessionId, String runnerVersion, Nullable`1 status, String os, String architecture, Nullable`1 disableUpdate, CancellationToken cancellationToken)
   at GitHub.Runner.Common.BrokerServer.<>c__DisplayClass7_0.<<GetRunnerMessageAsync>b__0>d.MoveNext()
--- End of stack trace from previous location ---
   at GitHub.Runner.Common.RunnerService.RetryRequest[T](Func`1 func, CancellationToken cancellationToken, Int32 maxAttempts, Func`2 shouldRetry)
[2026-06-05 20:50:30Z ERR  BrokerServer] #####################################################
[2026-06-05 20:50:30Z ERR  BrokerServer] System.Threading.Tasks.TaskCanceledException: The operation was canceled.
 ---> System.IO.IOException: Unable to read data from the transport connection: A operação de E/S foi anulada devido a uma saída de thread ou a uma requisição de aplicativo..
 ---> System.Net.Sockets.SocketException (995): A operação de E/S foi anulada devido a uma saída de thread ou a uma requisição de aplicativo.
   --- End of inner exception stack trace ---
   at System.Net.Sockets.Socket.AwaitableSocketAsyncEventArgs.ThrowException(SocketError error, CancellationToken cancellationToken)
   at System.Net.Sockets.Socket.AwaitableSocketAsyncEventArgs.System.Threading.Tasks.Sources.IValueTaskSource<System.Int32>.GetResult(Int16 token)
   at System.Net.Security.SslStream.EnsureFullTlsFrameAsync[TIOAdapter](CancellationToken cancellationToken, Int32 estimatedSize)
   at System.Runtime.CompilerServices.PoolingAsyncValueTaskMethodBuilder`1.StateMachineBox`1.System.Threading.Tasks.Sources.IValueTaskSource<TResult>.GetResult(Int16 token)
   at System.Net.Security.SslStream.ReadAsyncInternal[TIOAdapter](Memory`1 buffer, CancellationToken cancellationToken)
   at System.Runtime.CompilerServices.PoolingAsyncValueTaskMethodBuilder`1.StateMachineBox`1.System.Threading.Tasks.Sources.IValueTaskSource<TResult>.GetResult(Int16 token)
   at System.Net.Http.HttpConnection.SendAsync(HttpRequestMessage request, Boolean async, CancellationToken cancellationToken)
   --- End of inner exception stack trace ---
   at System.Net.Http.HttpConnection.SendAsync(HttpRequestMessage request, Boolean async, CancellationToken cancellationToken)
   at System.Net.Http.AuthenticationHelper.SendWithNtAuthAsync(HttpRequestMessage request, Uri authUri, Boolean async, ICredentials credentials, Boolean isProxyAuth, HttpConnection connection, HttpConnectionPool connectionPool, CancellationToken cancellationToken)
   at System.Net.Http.HttpConnectionPool.SendWithVersionDetectionAndRetryAsync(HttpRequestMessage request, Boolean async, Boolean doRequestAuth, CancellationToken cancellationToken)
   at System.Net.Http.AuthenticationHelper.SendWithAuthAsync(HttpRequestMessage request, Uri authUri, Boolean async, ICredentials credentials, Boolean preAuthenticate, Boolean isProxyAuth, Boolean doRequestAuth, HttpConnectionPool pool, CancellationToken cancellationToken)
   at System.Net.Http.RedirectHandler.SendAsync(HttpRequestMessage request, Boolean async, CancellationToken cancellationToken)
   at GitHub.Services.Common.RawHttpMessageHandler.SendAsync(HttpRequestMessage request, CancellationToken cancellationToken)
[2026-06-05 20:50:30Z ERR  BrokerServer] #####################################################
[2026-06-05 20:50:30Z ERR  BrokerServer] System.IO.IOException: Unable to read data from the transport connection: A operação de E/S foi anulada devido a uma saída de thread ou a uma requisição de aplicativo..
 ---> System.Net.Sockets.SocketException (995): A operação de E/S foi anulada devido a uma saída de thread ou a uma requisição de aplicativo.
   --- End of inner exception stack trace ---
   at System.Net.Sockets.Socket.AwaitableSocketAsyncEventArgs.ThrowException(SocketError error, CancellationToken cancellationToken)
   at System.Net.Sockets.Socket.AwaitableSocketAsyncEventArgs.System.Threading.Tasks.Sources.IValueTaskSource<System.Int32>.GetResult(Int16 token)
   at System.Net.Security.SslStream.EnsureFullTlsFrameAsync[TIOAdapter](CancellationToken cancellationToken, Int32 estimatedSize)
   at System.Runtime.CompilerServices.PoolingAsyncValueTaskMethodBuilder`1.StateMachineBox`1.System.Threading.Tasks.Sources.IValueTaskSource<TResult>.GetResult(Int16 token)
   at System.Net.Security.SslStream.ReadAsyncInternal[TIOAdapter](Memory`1 buffer, CancellationToken cancellationToken)
   at System.Runtime.CompilerServices.PoolingAsyncValueTaskMethodBuilder`1.StateMachineBox`1.System.Threading.Tasks.Sources.IValueTaskSource<TResult>.GetResult(Int16 token)
   at System.Net.Http.HttpConnection.SendAsync(HttpRequestMessage request, Boolean async, CancellationToken cancellationToken)
[2026-06-05 20:50:30Z ERR  BrokerServer] #####################################################
[2026-06-05 20:50:30Z ERR  BrokerServer] System.Net.Sockets.SocketException (995): A operação de E/S foi anulada devido a uma saída de thread ou a uma requisição de aplicativo.
[2026-06-05 20:50:30Z WARN BrokerServer] Back off 12,647 seconds before next retry. 4 attempt left.
[2026-06-05 20:54:04Z INFO RSAEncryptedFileKeyManager] Loading RSA key parameters from file C:\Projects\Exec3\actions-runner\.credentials_rsaparams
[2026-06-05 20:54:05Z INFO GitHubActionsService] AAD Correlation ID for this token request: Unknown
[2026-06-05 21:59:46Z INFO RSAEncryptedFileKeyManager] Loading RSA key parameters from file C:\Projects\Exec3\actions-runner\.credentials_rsaparams
[2026-06-05 21:59:47Z INFO GitHubActionsService] AAD Correlation ID for this token request: Unknown
[2026-06-05 22:49:59Z INFO RSAEncryptedFileKeyManager] Loading RSA key parameters from file C:\Projects\Exec3\actions-runner\.credentials_rsaparams
[2026-06-05 22:50:00Z INFO GitHubActionsService] AAD Correlation ID for this token request: Unknown
[2026-06-05 23:40:12Z INFO RSAEncryptedFileKeyManager] Loading RSA key parameters from file C:\Projects\Exec3\actions-runner\.credentials_rsaparams
[2026-06-05 23:40:12Z INFO GitHubActionsService] AAD Correlation ID for this token request: Unknown
[2026-06-06 00:30:25Z INFO RSAEncryptedFileKeyManager] Loading RSA key parameters from file C:\Projects\Exec3\actions-runner\.credentials_rsaparams
[2026-06-06 00:30:26Z INFO GitHubActionsService] AAD Correlation ID for this token request: Unknown
[2026-06-06 12:01:26Z WARN GitHubActionsService] Attempt 1 of GET request to https://broker.actions.githubusercontent.com/message?sessionId=13aed4d4-679c-421a-afd7-094489fc7bbd&status=Online&runnerVersion=2.334.0&os=Windows&architecture=X64&disableUpdate=false failed (Socket Error: ConnectionReset). The operation will be retried in 11,187 seconds.
[2026-06-06 12:01:38Z INFO RSAEncryptedFileKeyManager] Loading RSA key parameters from file C:\Projects\Exec3\actions-runner\.credentials_rsaparams
[2026-06-06 12:01:38Z INFO GitHubActionsService] AAD Correlation ID for this token request: Unknown
[2026-06-06 12:51:50Z INFO RSAEncryptedFileKeyManager] Loading RSA key parameters from file C:\Projects\Exec3\actions-runner\.credentials_rsaparams
[2026-06-06 12:51:50Z INFO GitHubActionsService] AAD Correlation ID for this token request: Unknown
[2026-06-06 13:42:02Z INFO RSAEncryptedFileKeyManager] Loading RSA key parameters from file C:\Projects\Exec3\actions-runner\.credentials_rsaparams
[2026-06-06 13:42:03Z INFO GitHubActionsService] AAD Correlation ID for this token request: Unknown
[2026-06-06 14:32:14Z INFO RSAEncryptedFileKeyManager] Loading RSA key parameters from file C:\Projects\Exec3\actions-runner\.credentials_rsaparams
[2026-06-06 14:32:15Z INFO GitHubActionsService] AAD Correlation ID for this token request: Unknown
[2026-06-06 16:34:36Z WARN GitHubActionsService] GET request to https://broker.actions.githubusercontent.com/message?sessionId=13aed4d4-679c-421a-afd7-094489fc7bbd&status=Online&runnerVersion=2.334.0&os=Windows&architecture=X64&disableUpdate=false timed out after 100 seconds.
[2026-06-06 16:34:36Z ERR  BrokerServer] Catch exception during request
[2026-06-06 16:34:36Z ERR  BrokerServer] System.TimeoutException: The HTTP request timed out after 00:01:40.
 ---> System.Threading.Tasks.TaskCanceledException: The operation was canceled.
 ---> System.IO.IOException: Unable to read data from the transport connection: A operação de E/S foi anulada devido a uma saída de thread ou a uma requisição de aplicativo..
 ---> System.Net.Sockets.SocketException (995): A operação de E/S foi anulada devido a uma saída de thread ou a uma requisição de aplicativo.
   --- End of inner exception stack trace ---
   at System.Net.Sockets.Socket.AwaitableSocketAsyncEventArgs.ThrowException(SocketError error, CancellationToken cancellationToken)
   at System.Net.Sockets.Socket.AwaitableSocketAsyncEventArgs.System.Threading.Tasks.Sources.IValueTaskSource<System.Int32>.GetResult(Int16 token)
   at System.Net.Security.SslStream.EnsureFullTlsFrameAsync[TIOAdapter](CancellationToken cancellationToken, Int32 estimatedSize)
   at System.Runtime.CompilerServices.PoolingAsyncValueTaskMethodBuilder`1.StateMachineBox`1.System.Threading.Tasks.Sources.IValueTaskSource<TResult>.GetResult(Int16 token)
   at System.Net.Security.SslStream.ReadAsyncInternal[TIOAdapter](Memory`1 buffer, CancellationToken cancellationToken)
   at System.Runtime.CompilerServices.PoolingAsyncValueTaskMethodBuilder`1.StateMachineBox`1.System.Threading.Tasks.Sources.IValueTaskSource<TResult>.GetResult(Int16 token)
   at System.Net.Http.HttpConnection.SendAsync(HttpRequestMessage request, Boolean async, CancellationToken cancellationToken)
   --- End of inner exception stack trace ---
   at System.Net.Http.HttpConnection.SendAsync(HttpRequestMessage request, Boolean async, CancellationToken cancellationToken)
   at System.Net.Http.AuthenticationHelper.SendWithNtAuthAsync(HttpRequestMessage request, Uri authUri, Boolean async, ICredentials credentials, Boolean isProxyAuth, HttpConnection connection, HttpConnectionPool connectionPool, CancellationToken cancellationToken)
   at System.Net.Http.HttpConnectionPool.SendWithVersionDetectionAndRetryAsync(HttpRequestMessage request, Boolean async, Boolean doRequestAuth, CancellationToken cancellationToken)
   at System.Net.Http.AuthenticationHelper.SendWithAuthAsync(HttpRequestMessage request, Uri authUri, Boolean async, ICredentials credentials, Boolean preAuthenticate, Boolean isProxyAuth, Boolean doRequestAuth, HttpConnectionPool pool, CancellationToken cancellationToken)
   at System.Net.Http.RedirectHandler.SendAsync(HttpRequestMessage request, Boolean async, CancellationToken cancellationToken)
   at GitHub.Services.Common.RawHttpMessageHandler.SendAsync(HttpRequestMessage request, CancellationToken cancellationToken)
   --- End of inner exception stack trace ---
   at GitHub.Services.Common.RawHttpMessageHandler.SendAsync(HttpRequestMessage request, CancellationToken cancellationToken)
   at GitHub.Services.Common.VssHttpRetryMessageHandler.SendAsync(HttpRequestMessage request, CancellationToken cancellationToken)
   at System.Net.Http.HttpClient.<SendAsync>g__Core|83_0(HttpRequestMessage request, HttpCompletionOption completionOption, CancellationTokenSource cts, Boolean disposeCts, CancellationTokenSource pendingRequestsCts, CancellationToken originalCancellationToken)
   at Sdk.WebApi.WebApi.RawHttpClientBase.SendAsync(HttpRequestMessage message, HttpCompletionOption completionOption, Object userState, CancellationToken cancellationToken)
   at Sdk.WebApi.WebApi.RawHttpClientBase.SendAsync[T](HttpRequestMessage message, Boolean readErrorBody, Object userState, CancellationToken cancellationToken)
   at Sdk.WebApi.WebApi.RawHttpClientBase.SendAsync[T](HttpMethod method, IEnumerable`1 additionalHeaders, Uri requestUri, HttpContent content, IEnumerable`1 queryParameters, Boolean readErrorBody, Object userState, CancellationToken cancellationToken)
   at GitHub.Actions.RunService.WebApi.BrokerHttpClient.GetRunnerMessageAsync(Nullable`1 sessionId, String runnerVersion, Nullable`1 status, String os, String architecture, Nullable`1 disableUpdate, CancellationToken cancellationToken)
   at GitHub.Runner.Common.BrokerServer.<>c__DisplayClass7_0.<<GetRunnerMessageAsync>b__0>d.MoveNext()
--- End of stack trace from previous location ---
   at GitHub.Runner.Common.RunnerService.RetryRequest[T](Func`1 func, CancellationToken cancellationToken, Int32 maxAttempts, Func`2 shouldRetry)
[2026-06-06 16:34:36Z ERR  BrokerServer] #####################################################
[2026-06-06 16:34:36Z ERR  BrokerServer] System.Threading.Tasks.TaskCanceledException: The operation was canceled.
 ---> System.IO.IOException: Unable to read data from the transport connection: A operação de E/S foi anulada devido a uma saída de thread ou a uma requisição de aplicativo..
 ---> System.Net.Sockets.SocketException (995): A operação de E/S foi anulada devido a uma saída de thread ou a uma requisição de aplicativo.
   --- End of inner exception stack trace ---
   at System.Net.Sockets.Socket.AwaitableSocketAsyncEventArgs.ThrowException(SocketError error, CancellationToken cancellationToken)
   at System.Net.Sockets.Socket.AwaitableSocketAsyncEventArgs.System.Threading.Tasks.Sources.IValueTaskSource<System.Int32>.GetResult(Int16 token)
   at System.Net.Security.SslStream.EnsureFullTlsFrameAsync[TIOAdapter](CancellationToken cancellationToken, Int32 estimatedSize)
   at System.Runtime.CompilerServices.PoolingAsyncValueTaskMethodBuilder`1.StateMachineBox`1.System.Threading.Tasks.Sources.IValueTaskSource<TResult>.GetResult(Int16 token)
   at System.Net.Security.SslStream.ReadAsyncInternal[TIOAdapter](Memory`1 buffer, CancellationToken cancellationToken)
   at System.Runtime.CompilerServices.PoolingAsyncValueTaskMethodBuilder`1.StateMachineBox`1.System.Threading.Tasks.Sources.IValueTaskSource<TResult>.GetResult(Int16 token)
   at System.Net.Http.HttpConnection.SendAsync(HttpRequestMessage request, Boolean async, CancellationToken cancellationToken)
   --- End of inner exception stack trace ---
   at System.Net.Http.HttpConnection.SendAsync(HttpRequestMessage request, Boolean async, CancellationToken cancellationToken)
   at System.Net.Http.AuthenticationHelper.SendWithNtAuthAsync(HttpRequestMessage request, Uri authUri, Boolean async, ICredentials credentials, Boolean isProxyAuth, HttpConnection connection, HttpConnectionPool connectionPool, CancellationToken cancellationToken)
   at System.Net.Http.HttpConnectionPool.SendWithVersionDetectionAndRetryAsync(HttpRequestMessage request, Boolean async, Boolean doRequestAuth, CancellationToken cancellationToken)
   at System.Net.Http.AuthenticationHelper.SendWithAuthAsync(HttpRequestMessage request, Uri authUri, Boolean async, ICredentials credentials, Boolean preAuthenticate, Boolean isProxyAuth, Boolean doRequestAuth, HttpConnectionPool pool, CancellationToken cancellationToken)
   at System.Net.Http.RedirectHandler.SendAsync(HttpRequestMessage request, Boolean async, CancellationToken cancellationToken)
   at GitHub.Services.Common.RawHttpMessageHandler.SendAsync(HttpRequestMessage request, CancellationToken cancellationToken)
[2026-06-06 16:34:38Z ERR  BrokerServer] #####################################################
[2026-06-06 16:34:38Z ERR  BrokerServer] System.IO.IOException: Unable to read data from the transport connection: A operação de E/S foi anulada devido a uma saída de thread ou a uma requisição de aplicativo..
 ---> System.Net.Sockets.SocketException (995): A operação de E/S foi anulada devido a uma saída de thread ou a uma requisição de aplicativo.
   --- End of inner exception stack trace ---
   at System.Net.Sockets.Socket.AwaitableSocketAsyncEventArgs.ThrowException(SocketError error, CancellationToken cancellationToken)
   at System.Net.Sockets.Socket.AwaitableSocketAsyncEventArgs.System.Threading.Tasks.Sources.IValueTaskSource<System.Int32>.GetResult(Int16 token)
   at System.Net.Security.SslStream.EnsureFullTlsFrameAsync[TIOAdapter](CancellationToken cancellationToken, Int32 estimatedSize)
   at System.Runtime.CompilerServices.PoolingAsyncValueTaskMethodBuilder`1.StateMachineBox`1.System.Threading.Tasks.Sources.IValueTaskSource<TResult>.GetResult(Int16 token)
   at System.Net.Security.SslStream.ReadAsyncInternal[TIOAdapter](Memory`1 buffer, CancellationToken cancellationToken)
   at System.Runtime.CompilerServices.PoolingAsyncValueTaskMethodBuilder`1.StateMachineBox`1.System.Threading.Tasks.Sources.IValueTaskSource<TResult>.GetResult(Int16 token)
   at System.Net.Http.HttpConnection.SendAsync(HttpRequestMessage request, Boolean async, CancellationToken cancellationToken)
[2026-06-06 16:34:38Z ERR  BrokerServer] #####################################################
[2026-06-06 16:34:38Z ERR  BrokerServer] System.Net.Sockets.SocketException (995): A operação de E/S foi anulada devido a uma saída de thread ou a uma requisição de aplicativo.
[2026-06-06 16:34:38Z WARN BrokerServer] Back off 6,097 seconds before next retry. 4 attempt left.
[2026-06-06 16:34:44Z INFO RSAEncryptedFileKeyManager] Loading RSA key parameters from file C:\Projects\Exec3\actions-runner\.credentials_rsaparams
[2026-06-06 16:34:45Z INFO GitHubActionsService] AAD Correlation ID for this token request: Unknown
[2026-06-06 17:24:56Z INFO RSAEncryptedFileKeyManager] Loading RSA key parameters from file C:\Projects\Exec3\actions-runner\.credentials_rsaparams
[2026-06-06 17:24:57Z INFO GitHubActionsService] AAD Correlation ID for this token request: Unknown
[2026-06-06 18:04:13Z INFO Runner] Received RunnerRefreshConfigMessage for 'runner' config file
[2026-06-06 18:04:13Z INFO RunnerConfigUpdater] Verifying runner qualified id: U_kgDOD7zMMA/R_kgDOSySWdQ/self-hosted/2
[2026-06-06 18:04:13Z INFO HostContext] Well known directory 'Bin': 'C:\Projects\Exec3\actions-runner\bin'
[2026-06-06 18:04:13Z INFO HostContext] Well known directory 'Root': 'C:\Projects\Exec3\actions-runner'
[2026-06-06 18:04:13Z INFO HostContext] Well known config file 'Runner': 'C:\Projects\Exec3\actions-runner\.runner'
[2026-06-06 18:04:13Z INFO RSAEncryptedFileKeyManager] Loading RSA key parameters from file C:\Projects\Exec3\actions-runner\.credentials_rsaparams
[2026-06-06 18:04:13Z INFO RSAEncryptedFileKeyManager] Loading RSA key parameters from file C:\Projects\Exec3\actions-runner\.credentials_rsaparams
[2026-06-06 18:04:14Z INFO GitHubActionsService] AAD Correlation ID for this token request: Unknown
[2026-06-06 18:04:14Z INFO ConfigurationStore] Saving runner migrated settings
[2026-06-06 18:04:14Z INFO ConfigurationStore] Migrated Settings Saved.
[2026-06-06 18:04:14Z INFO Runner] Runner configuration was updated. Session restart has been scheduled
[2026-06-06 18:04:14Z INFO Runner] Pending session restart detected and job dispatcher is not busy. Restarting session now.
[2026-06-06 18:04:14Z INFO JobDispatcher] Shutting down JobDispatcher. Make sure all WorkerDispatcher has finished.
[2026-06-06 18:04:14Z INFO Runner] Deleting Runner Session...
[2026-06-06 18:04:15Z INFO Runner] Restarting runner session after config update...
[2026-06-06 18:04:15Z INFO Runner] Runner configuration was refreshed, restarting session...
[2026-06-06 18:04:15Z INFO ConfigurationManager] LoadSettings
[2026-06-06 18:04:15Z INFO ConfigurationStore] IsConfigured()
[2026-06-06 18:04:15Z INFO ConfigurationStore] IsConfigured: True
[2026-06-06 18:04:15Z INFO ConfigurationManager] Is configured: True
[2026-06-06 18:04:15Z INFO ConfigurationManager] Settings Loaded
[2026-06-06 18:04:15Z INFO Runner] RunAsync
[2026-06-06 18:04:15Z INFO HostContext] Well known directory 'Bin': 'C:\Projects\Exec3\actions-runner\bin'
[2026-06-06 18:04:15Z INFO HostContext] Well known directory 'Root': 'C:\Projects\Exec3\actions-runner'
[2026-06-06 18:04:15Z INFO HostContext] Well known directory 'Work': 'C:\Projects\Exec3\actions-runner\_work'
[2026-06-06 18:04:15Z INFO Runner] Validating directory permissions for: 'C:\Projects\Exec3\actions-runner\_work'
[2026-06-06 18:04:15Z INFO ConfigurationManager] LoadMigratedSettings
[2026-06-06 18:04:15Z INFO ConfigurationStore] IsMigratedConfigured()
[2026-06-06 18:04:15Z INFO ConfigurationStore] IsMigratedConfigured: True
[2026-06-06 18:04:15Z INFO ConfigurationStore] Read migrated setting file: 396 chars
[2026-06-06 18:04:15Z INFO ConfigurationManager] Migrated Settings Loaded
[2026-06-06 18:04:15Z INFO Runner] Loaded migrated settings from .runner_migrated file
[2026-06-06 18:04:15Z INFO Runner] {
  "AgentId": 2,
  "AgentName": "TLEMOS",
  "PoolId": 1,
  "PoolName": "Default",
  "ServerUrl": "https://pipelinesghubeus26.actions.githubusercontent.com/pJbd6ctB8TsubpRHbGbevPz8VXXZeenNbGUrNTsTTHP7pRt0I1/",
  "GitHubUrl": "https://github.com/thaisal-spec/CI_Exercicio3",
  "WorkFolder": "_work",
  "UseV2Flow": true,
  "ServerUrlV2": "https://broker.actions.githubusercontent.com/"
}
[2026-06-06 18:04:15Z INFO Runner] Attempting to create session using migrated settings
[2026-06-06 18:04:15Z INFO Runner] Using BrokerMessageListener
[2026-06-06 18:04:15Z INFO BrokerMessageListener] Using provided settings
[2026-06-06 18:04:15Z INFO BrokerMessageListener] Using migrated settings from .runner_migrated
[2026-06-06 18:04:15Z INFO BrokerMessageListener] {
  "AgentId": 2,
  "AgentName": "TLEMOS",
  "PoolId": 1,
  "PoolName": "Default",
  "ServerUrl": "https://pipelinesghubeus26.actions.githubusercontent.com/pJbd6ctB8TsubpRHbGbevPz8VXXZeenNbGUrNTsTTHP7pRt0I1/",
  "GitHubUrl": "https://github.com/thaisal-spec/CI_Exercicio3",
  "WorkFolder": "_work",
  "UseV2Flow": true,
  "ServerUrlV2": "https://broker.actions.githubusercontent.com/"
}
[2026-06-06 18:04:15Z INFO BrokerMessageListener] Loading Credentials
[2026-06-06 18:04:15Z INFO ConfigurationStore] HasCredentials()
[2026-06-06 18:04:15Z INFO ConfigurationStore] stored True
[2026-06-06 18:04:15Z INFO CredentialManager] GetCredentialProvider
[2026-06-06 18:04:15Z INFO CredentialManager] Creating type OAuth
[2026-06-06 18:04:15Z INFO CredentialManager] Creating credential type: OAuth
[2026-06-06 18:04:15Z INFO RSAEncryptedFileKeyManager] Loading RSA key parameters from file C:\Projects\Exec3\actions-runner\.credentials_rsaparams
[2026-06-06 18:04:15Z INFO BrokerMessageListener] Attempt to create session.
[2026-06-06 18:04:15Z INFO BrokerMessageListener] Connecting to the Broker Server...
[2026-06-06 18:04:15Z INFO ConfigurationStore] HasCredentials()
[2026-06-06 18:04:15Z INFO ConfigurationStore] stored True
[2026-06-06 18:04:15Z INFO CredentialManager] GetCredentialProvider
[2026-06-06 18:04:15Z INFO CredentialManager] Creating type OAuth
[2026-06-06 18:04:15Z INFO CredentialManager] Creating credential type: OAuth
[2026-06-06 18:04:15Z INFO RSAEncryptedFileKeyManager] Loading RSA key parameters from file C:\Projects\Exec3\actions-runner\.credentials_rsaparams
[2026-06-06 18:04:15Z INFO BrokerMessageListener] VssConnection created
[2026-06-06 18:04:15Z INFO BrokerMessageListener] Connecting to the Runner server...
[2026-06-06 18:04:15Z INFO RunnerServer] EstablishVssConnection
[2026-06-06 18:04:15Z INFO RunnerServer] Establish connection with 100 seconds timeout.
[2026-06-06 18:04:15Z INFO GitHubActionsService] Starting operation Location.GetConnectionData
[2026-06-06 18:04:15Z INFO RunnerServer] EstablishVssConnection
[2026-06-06 18:04:15Z INFO RunnerServer] Establish connection with 60 seconds timeout.
[2026-06-06 18:04:15Z INFO GitHubActionsService] Starting operation Location.GetConnectionData
[2026-06-06 18:04:15Z INFO RunnerServer] EstablishVssConnection
[2026-06-06 18:04:15Z INFO RunnerServer] Establish connection with 60 seconds timeout.
[2026-06-06 18:04:15Z INFO GitHubActionsService] Starting operation Location.GetConnectionData
[2026-06-06 18:04:15Z INFO GitHubActionsService] Finished operation Location.GetConnectionData
[2026-06-06 18:04:15Z INFO GitHubActionsService] Finished operation Location.GetConnectionData
[2026-06-06 18:04:15Z INFO GitHubActionsService] Finished operation Location.GetConnectionData
[2026-06-06 18:04:15Z INFO BrokerMessageListener] VssConnection created
[2026-06-06 18:04:15Z INFO Terminal] WRITE LINE: 
[2026-06-06 18:04:15Z INFO Terminal] WRITE LINE: 
[2026-06-06 18:04:15Z INFO RSAEncryptedFileKeyManager] Loading RSA key parameters from file C:\Projects\Exec3\actions-runner\.credentials_rsaparams
[2026-06-06 18:04:15Z INFO RSAEncryptedFileKeyManager] Loading RSA key parameters from file C:\Projects\Exec3\actions-runner\.credentials_rsaparams
[2026-06-06 18:04:16Z INFO GitHubActionsService] AAD Correlation ID for this token request: Unknown
[2026-06-06 18:04:17Z INFO BrokerMessageListener] Session created.
[2026-06-06 18:04:17Z INFO Runner] Successfully created session with migrated settings
[2026-06-06 18:04:17Z INFO Terminal] WRITE LINE: Current runner version: '2.334.0'
[2026-06-06 18:04:17Z INFO Terminal] WRITE LINE: 2026-06-06 18:04:17Z: Listening for Jobs
[2026-06-06 18:04:17Z INFO JobDispatcher] Set runner/worker IPC timeout to 30 seconds.
[2026-06-06 18:54:28Z INFO RSAEncryptedFileKeyManager] Loading RSA key parameters from file C:\Projects\Exec3\actions-runner\.credentials_rsaparams
[2026-06-06 18:54:29Z INFO GitHubActionsService] AAD Correlation ID for this token request: Unknown
[2026-06-06 19:35:44Z INFO HostContext] Runner will be shutdown for UserCancelled
[2026-06-06 19:35:44Z WARN GitHubActionsService] GET request to https://broker.actions.githubusercontent.com/message?sessionId=69b02fac-3acf-47d3-936d-4990ff0e1b48&status=Online&runnerVersion=2.334.0&os=Windows&architecture=X64&disableUpdate=false has been cancelled.
[2026-06-06 19:35:44Z ERR  BrokerServer] Catch exception during request
[2026-06-06 19:35:44Z ERR  BrokerServer] System.Threading.Tasks.TaskCanceledException: The operation was canceled.
 ---> System.Threading.Tasks.TaskCanceledException: The operation was canceled.
 ---> System.IO.IOException: Unable to read data from the transport connection: A operação de E/S foi anulada devido a uma saída de thread ou a uma requisição de aplicativo..
 ---> System.Net.Sockets.SocketException (995): A operação de E/S foi anulada devido a uma saída de thread ou a uma requisição de aplicativo.
   --- End of inner exception stack trace ---
   at System.Net.Sockets.Socket.AwaitableSocketAsyncEventArgs.ThrowException(SocketError error, CancellationToken cancellationToken)
   at System.Net.Sockets.Socket.AwaitableSocketAsyncEventArgs.System.Threading.Tasks.Sources.IValueTaskSource<System.Int32>.GetResult(Int16 token)
   at System.Net.Security.SslStream.EnsureFullTlsFrameAsync[TIOAdapter](CancellationToken cancellationToken, Int32 estimatedSize)
   at System.Runtime.CompilerServices.PoolingAsyncValueTaskMethodBuilder`1.StateMachineBox`1.System.Threading.Tasks.Sources.IValueTaskSource<TResult>.GetResult(Int16 token)
   at System.Net.Security.SslStream.ReadAsyncInternal[TIOAdapter](Memory`1 buffer, CancellationToken cancellationToken)
   at System.Runtime.CompilerServices.PoolingAsyncValueTaskMethodBuilder`1.StateMachineBox`1.System.Threading.Tasks.Sources.IValueTaskSource<TResult>.GetResult(Int16 token)
   at System.Net.Http.HttpConnection.SendAsync(HttpRequestMessage request, Boolean async, CancellationToken cancellationToken)
   --- End of inner exception stack trace ---
   at System.Net.Http.HttpConnection.SendAsync(HttpRequestMessage request, Boolean async, CancellationToken cancellationToken)
   at System.Net.Http.AuthenticationHelper.SendWithNtAuthAsync(HttpRequestMessage request, Uri authUri, Boolean async, ICredentials credentials, Boolean isProxyAuth, HttpConnection connection, HttpConnectionPool connectionPool, CancellationToken cancellationToken)
   at System.Net.Http.HttpConnectionPool.SendWithVersionDetectionAndRetryAsync(HttpRequestMessage request, Boolean async, Boolean doRequestAuth, CancellationToken cancellationToken)
   at System.Net.Http.AuthenticationHelper.SendWithAuthAsync(HttpRequestMessage request, Uri authUri, Boolean async, ICredentials credentials, Boolean preAuthenticate, Boolean isProxyAuth, Boolean doRequestAuth, HttpConnectionPool pool, CancellationToken cancellationToken)
   at System.Net.Http.RedirectHandler.SendAsync(HttpRequestMessage request, Boolean async, CancellationToken cancellationToken)
   at GitHub.Services.Common.RawHttpMessageHandler.SendAsync(HttpRequestMessage request, CancellationToken cancellationToken)
   at GitHub.Services.Common.VssHttpRetryMessageHandler.SendAsync(HttpRequestMessage request, CancellationToken cancellationToken)
   at System.Net.Http.HttpClient.<SendAsync>g__Core|83_0(HttpRequestMessage request, HttpCompletionOption completionOption, CancellationTokenSource cts, Boolean disposeCts, CancellationTokenSource pendingRequestsCts, CancellationToken originalCancellationToken)
   --- End of inner exception stack trace ---
   at System.Net.Http.HttpClient.HandleFailure(Exception e, Boolean telemetryStarted, HttpResponseMessage response, CancellationTokenSource cts, CancellationToken cancellationToken, CancellationTokenSource pendingRequestsCts)
   at System.Net.Http.HttpClient.<SendAsync>g__Core|83_0(HttpRequestMessage request, HttpCompletionOption completionOption, CancellationTokenSource cts, Boolean disposeCts, CancellationTokenSource pendingRequestsCts, CancellationToken originalCancellationToken)
   at Sdk.WebApi.WebApi.RawHttpClientBase.SendAsync(HttpRequestMessage message, HttpCompletionOption completionOption, Object userState, CancellationToken cancellationToken)
   at Sdk.WebApi.WebApi.RawHttpClientBase.SendAsync[T](HttpRequestMessage message, Boolean readErrorBody, Object userState, CancellationToken cancellationToken)
   at Sdk.WebApi.WebApi.RawHttpClientBase.SendAsync[T](HttpMethod method, IEnumerable`1 additionalHeaders, Uri requestUri, HttpContent content, IEnumerable`1 queryParameters, Boolean readErrorBody, Object userState, CancellationToken cancellationToken)
   at GitHub.Actions.RunService.WebApi.BrokerHttpClient.GetRunnerMessageAsync(Nullable`1 sessionId, String runnerVersion, Nullable`1 status, String os, String architecture, Nullable`1 disableUpdate, CancellationToken cancellationToken)
   at GitHub.Runner.Common.BrokerServer.<>c__DisplayClass7_0.<<GetRunnerMessageAsync>b__0>d.MoveNext()
--- End of stack trace from previous location ---
   at GitHub.Runner.Common.RunnerService.RetryRequest[T](Func`1 func, CancellationToken cancellationToken, Int32 maxAttempts, Func`2 shouldRetry)
[2026-06-06 19:35:44Z ERR  BrokerServer] #####################################################
[2026-06-06 19:35:44Z ERR  BrokerServer] System.Threading.Tasks.TaskCanceledException: The operation was canceled.
 ---> System.IO.IOException: Unable to read data from the transport connection: A operação de E/S foi anulada devido a uma saída de thread ou a uma requisição de aplicativo..
 ---> System.Net.Sockets.SocketException (995): A operação de E/S foi anulada devido a uma saída de thread ou a uma requisição de aplicativo.
   --- End of inner exception stack trace ---
   at System.Net.Sockets.Socket.AwaitableSocketAsyncEventArgs.ThrowException(SocketError error, CancellationToken cancellationToken)
   at System.Net.Sockets.Socket.AwaitableSocketAsyncEventArgs.System.Threading.Tasks.Sources.IValueTaskSource<System.Int32>.GetResult(Int16 token)
   at System.Net.Security.SslStream.EnsureFullTlsFrameAsync[TIOAdapter](CancellationToken cancellationToken, Int32 estimatedSize)
   at System.Runtime.CompilerServices.PoolingAsyncValueTaskMethodBuilder`1.StateMachineBox`1.System.Threading.Tasks.Sources.IValueTaskSource<TResult>.GetResult(Int16 token)
   at System.Net.Security.SslStream.ReadAsyncInternal[TIOAdapter](Memory`1 buffer, CancellationToken cancellationToken)
   at System.Runtime.CompilerServices.PoolingAsyncValueTaskMethodBuilder`1.StateMachineBox`1.System.Threading.Tasks.Sources.IValueTaskSource<TResult>.GetResult(Int16 token)
   at System.Net.Http.HttpConnection.SendAsync(HttpRequestMessage request, Boolean async, CancellationToken cancellationToken)
   --- End of inner exception stack trace ---
   at System.Net.Http.HttpConnection.SendAsync(HttpRequestMessage request, Boolean async, CancellationToken cancellationToken)
   at System.Net.Http.AuthenticationHelper.SendWithNtAuthAsync(HttpRequestMessage request, Uri authUri, Boolean async, ICredentials credentials, Boolean isProxyAuth, HttpConnection connection, HttpConnectionPool connectionPool, CancellationToken cancellationToken)
   at System.Net.Http.HttpConnectionPool.SendWithVersionDetectionAndRetryAsync(HttpRequestMessage request, Boolean async, Boolean doRequestAuth, CancellationToken cancellationToken)
   at System.Net.Http.AuthenticationHelper.SendWithAuthAsync(HttpRequestMessage request, Uri authUri, Boolean async, ICredentials credentials, Boolean preAuthenticate, Boolean isProxyAuth, Boolean doRequestAuth, HttpConnectionPool pool, CancellationToken cancellationToken)
   at System.Net.Http.RedirectHandler.SendAsync(HttpRequestMessage request, Boolean async, CancellationToken cancellationToken)
   at GitHub.Services.Common.RawHttpMessageHandler.SendAsync(HttpRequestMessage request, CancellationToken cancellationToken)
   at GitHub.Services.Common.VssHttpRetryMessageHandler.SendAsync(HttpRequestMessage request, CancellationToken cancellationToken)
   at System.Net.Http.HttpClient.<SendAsync>g__Core|83_0(HttpRequestMessage request, HttpCompletionOption completionOption, CancellationTokenSource cts, Boolean disposeCts, CancellationTokenSource pendingRequestsCts, CancellationToken originalCancellationToken)
[2026-06-06 19:35:44Z ERR  BrokerServer] #####################################################
[2026-06-06 19:35:44Z ERR  BrokerServer] System.IO.IOException: Unable to read data from the transport connection: A operação de E/S foi anulada devido a uma saída de thread ou a uma requisição de aplicativo..
 ---> System.Net.Sockets.SocketException (995): A operação de E/S foi anulada devido a uma saída de thread ou a uma requisição de aplicativo.
   --- End of inner exception stack trace ---
   at System.Net.Sockets.Socket.AwaitableSocketAsyncEventArgs.ThrowException(SocketError error, CancellationToken cancellationToken)
   at System.Net.Sockets.Socket.AwaitableSocketAsyncEventArgs.System.Threading.Tasks.Sources.IValueTaskSource<System.Int32>.GetResult(Int16 token)
   at System.Net.Security.SslStream.EnsureFullTlsFrameAsync[TIOAdapter](CancellationToken cancellationToken, Int32 estimatedSize)
   at System.Runtime.CompilerServices.PoolingAsyncValueTaskMethodBuilder`1.StateMachineBox`1.System.Threading.Tasks.Sources.IValueTaskSource<TResult>.GetResult(Int16 token)
   at System.Net.Security.SslStream.ReadAsyncInternal[TIOAdapter](Memory`1 buffer, CancellationToken cancellationToken)
   at System.Runtime.CompilerServices.PoolingAsyncValueTaskMethodBuilder`1.StateMachineBox`1.System.Threading.Tasks.Sources.IValueTaskSource<TResult>.GetResult(Int16 token)
   at System.Net.Http.HttpConnection.SendAsync(HttpRequestMessage request, Boolean async, CancellationToken cancellationToken)
[2026-06-06 19:35:44Z ERR  BrokerServer] #####################################################
[2026-06-06 19:35:44Z ERR  BrokerServer] System.Net.Sockets.SocketException (995): A operação de E/S foi anulada devido a uma saída de thread ou a uma requisição de aplicativo.
[2026-06-06 19:35:44Z WARN BrokerServer] Back off 6,461 seconds before next retry. 4 attempt left.
[2026-06-06 19:35:44Z INFO BrokerMessageListener] Get next message has been cancelled.
[2026-06-06 19:35:44Z INFO JobDispatcher] Shutting down JobDispatcher. Make sure all WorkerDispatcher has finished.
[2026-06-06 19:35:44Z INFO Runner] Deleting Runner Session...
[2026-06-06 19:35:45Z INFO Listener] Runner execution been cancelled.
